Starting ASG-only fitting for SOLO rounds, group 39
Group 39: 4 agents, 8 rounds, 15 trials per round
Group 39, Agent 1, ASG model, Round 0
Round 1 completed
Group 39, Agent 1, ASG model, Round 1
Round 2 completed
Group 39, Agent 1, ASG model, Round 2
Round 3 completed
Group 39, Agent 1, ASG model, Round 3
Round 4 completed
Group 39, Agent 1, ASG model, Round 4
Round 5 completed
Group 39, Agent 1, ASG model, Round 5
Round 6 completed
Group 39, Agent 1, ASG model, Round 6
Round 7 completed
Group 39, Agent 1, ASG model, Round 7
Round 8 completed
Agent 1 completed. ASG solo fit: 367.28
Group 39, Agent 2, ASG model, Round 0
Round 1 completed
Group 39, Agent 2, ASG model, Round 1
Round 2 completed
Group 39, Agent 2, ASG model, Round 2
Round 3 completed
Group 39, Agent 2, ASG model, Round 3
Round 4 completed
Group 39, Agent 2, ASG model, Round 4
Round 5 completed
Group 39, Agent 2, ASG model, Round 5
Round 6 completed
Group 39, Agent 2, ASG model, Round 6
Round 7 completed
Group 39, Agent 2, ASG model, Round 7
Round 8 completed
Agent 2 completed. ASG solo fit: 344.57
Group 39, Agent 3, ASG model, Round 0
Round 1 completed
Group 39, Agent 3, ASG model, Round 1
Round 2 completed
Group 39, Agent 3, ASG model, Round 2
Round 3 completed
Group 39, Agent 3, ASG model, Round 3
Round 4 completed
Group 39, Agent 3, ASG model, Round 4
Round 5 completed
Group 39, Agent 3, ASG model, Round 5
Round 6 completed
Group 39, Agent 3, ASG model, Round 6
Round 7 completed
Group 39, Agent 3, ASG model, Round 7
Round 8 completed
Agent 3 completed. ASG solo fit: 330.65
Group 39, Agent 4, ASG model, Round 0
Round 1 completed
Group 39, Agent 4, ASG model, Round 1
Round 2 completed
Group 39, Agent 4, ASG model, Round 2
Round 3 completed
Group 39, Agent 4, ASG model, Round 3
Round 4 completed
Group 39, Agent 4, ASG model, Round 4
Round 5 completed
Group 39, Agent 4, ASG model, Round 5
Round 6 completed
Group 39, Agent 4, ASG model, Round 6
Round 7 completed
Group 39, Agent 4, ASG model, Round 7
Round 8 completed
Agent 4 completed. ASG solo fit: 377.95
Group 39 ASG-only solo fitting completed!
