Starting ASG-only fitting for SOLO rounds, group 42
Group 42: 4 agents, 8 rounds, 15 trials per round
Group 42, Agent 1, ASG model, Round 0
Round 1 completed
Group 42, Agent 1, ASG model, Round 1
Round 2 completed
Group 42, Agent 1, ASG model, Round 2
Round 3 completed
Group 42, Agent 1, ASG model, Round 3
Round 4 completed
Group 42, Agent 1, ASG model, Round 4
Round 5 completed
Group 42, Agent 1, ASG model, Round 5
Round 6 completed
Group 42, Agent 1, ASG model, Round 6
Round 7 completed
Group 42, Agent 1, ASG model, Round 7
Round 8 completed
Agent 1 completed. ASG solo fit: 296.21
Group 42, Agent 2, ASG model, Round 0
Round 1 completed
Group 42, Agent 2, ASG model, Round 1
Round 2 completed
Group 42, Agent 2, ASG model, Round 2
Round 3 completed
Group 42, Agent 2, ASG model, Round 3
Round 4 completed
Group 42, Agent 2, ASG model, Round 4
Round 5 completed
Group 42, Agent 2, ASG model, Round 5
Round 6 completed
Group 42, Agent 2, ASG model, Round 6
Round 7 completed
Group 42, Agent 2, ASG model, Round 7
Round 8 completed
Agent 2 completed. ASG solo fit: 429.23
Group 42, Agent 3, ASG model, Round 0
Round 1 completed
Group 42, Agent 3, ASG model, Round 1
Round 2 completed
Group 42, Agent 3, ASG model, Round 2
Round 3 completed
Group 42, Agent 3, ASG model, Round 3
Round 4 completed
Group 42, Agent 3, ASG model, Round 4
Round 5 completed
Group 42, Agent 3, ASG model, Round 5
Round 6 completed
Group 42, Agent 3, ASG model, Round 6
Round 7 completed
Group 42, Agent 3, ASG model, Round 7
Round 8 completed
Agent 3 completed. ASG solo fit: 392.92
Group 42, Agent 4, ASG model, Round 0
Round 1 completed
Group 42, Agent 4, ASG model, Round 1
Round 2 completed
Group 42, Agent 4, ASG model, Round 2
Round 3 completed
Group 42, Agent 4, ASG model, Round 3
Round 4 completed
Group 42, Agent 4, ASG model, Round 4
Round 5 completed
Group 42, Agent 4, ASG model, Round 5
Round 6 completed
Group 42, Agent 4, ASG model, Round 6
Round 7 completed
Group 42, Agent 4, ASG model, Round 7
Round 8 completed
Agent 4 completed. ASG solo fit: 375.18
Group 42 ASG-only solo fitting completed!
