Starting ASG-only fitting for SOLO rounds, group 8
Group 8: 4 agents, 8 rounds, 15 trials per round
Group 8, Agent 1, ASG model, Round 0
Round 1 completed
Group 8, Agent 1, ASG model, Round 1
Round 2 completed
Group 8, Agent 1, ASG model, Round 2
Round 3 completed
Group 8, Agent 1, ASG model, Round 3
Round 4 completed
Group 8, Agent 1, ASG model, Round 4
Round 5 completed
Group 8, Agent 1, ASG model, Round 5
Round 6 completed
Group 8, Agent 1, ASG model, Round 6
Round 7 completed
Group 8, Agent 1, ASG model, Round 7
Round 8 completed
Agent 1 completed. ASG solo fit: 385.48
Group 8, Agent 2, ASG model, Round 0
Round 1 completed
Group 8, Agent 2, ASG model, Round 1
Round 2 completed
Group 8, Agent 2, ASG model, Round 2
Round 3 completed
Group 8, Agent 2, ASG model, Round 3
Round 4 completed
Group 8, Agent 2, ASG model, Round 4
Round 5 completed
Group 8, Agent 2, ASG model, Round 5
Round 6 completed
Group 8, Agent 2, ASG model, Round 6
Round 7 completed
Group 8, Agent 2, ASG model, Round 7
Round 8 completed
Agent 2 completed. ASG solo fit: 404.75
Group 8, Agent 3, ASG model, Round 0
Round 1 completed
Group 8, Agent 3, ASG model, Round 1
Round 2 completed
Group 8, Agent 3, ASG model, Round 2
Round 3 completed
Group 8, Agent 3, ASG model, Round 3
Round 4 completed
Group 8, Agent 3, ASG model, Round 4
Round 5 completed
Group 8, Agent 3, ASG model, Round 5
Round 6 completed
Group 8, Agent 3, ASG model, Round 6
Round 7 completed
Group 8, Agent 3, ASG model, Round 7
Round 8 completed
Agent 3 completed. ASG solo fit: 389.51
Group 8, Agent 4, ASG model, Round 0
Round 1 completed
Group 8, Agent 4, ASG model, Round 1
Round 2 completed
Group 8, Agent 4, ASG model, Round 2
Round 3 completed
Group 8, Agent 4, ASG model, Round 3
Round 4 completed
Group 8, Agent 4, ASG model, Round 4
Round 5 completed
Group 8, Agent 4, ASG model, Round 5
Round 6 completed
Group 8, Agent 4, ASG model, Round 6
Round 7 completed
Group 8, Agent 4, ASG model, Round 7
Round 8 completed
Agent 4 completed. ASG solo fit: 390.10
Group 8 ASG-only solo fitting completed!
