Starting ASG-only fitting for SOLO rounds, group 19
Group 19: 4 agents, 8 rounds, 15 trials per round
Group 19, Agent 1, ASG model, Round 0
Round 1 completed
Group 19, Agent 1, ASG model, Round 1
Round 2 completed
Group 19, Agent 1, ASG model, Round 2
Round 3 completed
Group 19, Agent 1, ASG model, Round 3
Round 4 completed
Group 19, Agent 1, ASG model, Round 4
Round 5 completed
Group 19, Agent 1, ASG model, Round 5
Round 6 completed
Group 19, Agent 1, ASG model, Round 6
Round 7 completed
Group 19, Agent 1, ASG model, Round 7
Round 8 completed
Agent 1 completed. ASG solo fit: 309.13
Group 19, Agent 2, ASG model, Round 0
Round 1 completed
Group 19, Agent 2, ASG model, Round 1
Round 2 completed
Group 19, Agent 2, ASG model, Round 2
Round 3 completed
Group 19, Agent 2, ASG model, Round 3
Round 4 completed
Group 19, Agent 2, ASG model, Round 4
Round 5 completed
Group 19, Agent 2, ASG model, Round 5
Round 6 completed
Group 19, Agent 2, ASG model, Round 6
Round 7 completed
Group 19, Agent 2, ASG model, Round 7
Round 8 completed
Agent 2 completed. ASG solo fit: 357.90
Group 19, Agent 3, ASG model, Round 0
Round 1 completed
Group 19, Agent 3, ASG model, Round 1
Round 2 completed
Group 19, Agent 3, ASG model, Round 2
Round 3 completed
Group 19, Agent 3, ASG model, Round 3
Round 4 completed
Group 19, Agent 3, ASG model, Round 4
Round 5 completed
Group 19, Agent 3, ASG model, Round 5
Round 6 completed
Group 19, Agent 3, ASG model, Round 6
Round 7 completed
Group 19, Agent 3, ASG model, Round 7
Round 8 completed
Agent 3 completed. ASG solo fit: 350.97
Group 19, Agent 4, ASG model, Round 0
Round 1 completed
Group 19, Agent 4, ASG model, Round 1
Round 2 completed
Group 19, Agent 4, ASG model, Round 2
Round 3 completed
Group 19, Agent 4, ASG model, Round 3
Round 4 completed
Group 19, Agent 4, ASG model, Round 4
Round 5 completed
Group 19, Agent 4, ASG model, Round 5
Round 6 completed
Group 19, Agent 4, ASG model, Round 6
Round 7 completed
Group 19, Agent 4, ASG model, Round 7
Round 8 completed
Agent 4 completed. ASG solo fit: 404.24
Group 19 ASG-only solo fitting completed!
