Starting ASG-only fitting for SOLO rounds, group 0
Group 0: 4 agents, 8 rounds, 15 trials per round
Group 0, Agent 1, ASG model, Round 0
Round 1 completed
Group 0, Agent 1, ASG model, Round 1
Round 2 completed
Group 0, Agent 1, ASG model, Round 2
Round 3 completed
Group 0, Agent 1, ASG model, Round 3
Round 4 completed
Group 0, Agent 1, ASG model, Round 4
Round 5 completed
Group 0, Agent 1, ASG model, Round 5
Round 6 completed
Group 0, Agent 1, ASG model, Round 6
Round 7 completed
Group 0, Agent 1, ASG model, Round 7
Round 8 completed
Agent 1 completed. ASG solo fit: 311.50
Group 0, Agent 2, ASG model, Round 0
Round 1 completed
Group 0, Agent 2, ASG model, Round 1
Round 2 completed
Group 0, Agent 2, ASG model, Round 2
Round 3 completed
Group 0, Agent 2, ASG model, Round 3
Round 4 completed
Group 0, Agent 2, ASG model, Round 4
Round 5 completed
Group 0, Agent 2, ASG model, Round 5
Round 6 completed
Group 0, Agent 2, ASG model, Round 6
Round 7 completed
Group 0, Agent 2, ASG model, Round 7
Round 8 completed
Agent 2 completed. ASG solo fit: 191.80
Group 0, Agent 3, ASG model, Round 0
Round 1 completed
Group 0, Agent 3, ASG model, Round 1
Round 2 completed
Group 0, Agent 3, ASG model, Round 2
Round 3 completed
Group 0, Agent 3, ASG model, Round 3
Round 4 completed
Group 0, Agent 3, ASG model, Round 4
Round 5 completed
Group 0, Agent 3, ASG model, Round 5
Round 6 completed
Group 0, Agent 3, ASG model, Round 6
Round 7 completed
Group 0, Agent 3, ASG model, Round 7
Round 8 completed
Agent 3 completed. ASG solo fit: 319.44
Group 0, Agent 4, ASG model, Round 0
Round 1 completed
Group 0, Agent 4, ASG model, Round 1
Round 2 completed
Group 0, Agent 4, ASG model, Round 2
Round 3 completed
Group 0, Agent 4, ASG model, Round 3
Round 4 completed
Group 0, Agent 4, ASG model, Round 4
Round 5 completed
Group 0, Agent 4, ASG model, Round 5
Round 6 completed
Group 0, Agent 4, ASG model, Round 6
Round 7 completed
Group 0, Agent 4, ASG model, Round 7
Round 8 completed
Agent 4 completed. ASG solo fit: 221.87
Group 0 ASG-only solo fitting completed!
